<?xml version="1.0" encoding="UTF-8"?>
<testng-results ignored="0" total="1" passed="1" failed="0" skipped="0">
  <reporter-output>
  </reporter-output>
  <suite started-at="2022-05-11T17:33:22 IST" name="Default suite" finished-at="2022-05-11T17:33:39 IST" duration-ms="17704">
    <groups>
    </groups>
    <test started-at="2022-05-11T17:33:22 IST" name="Default test" finished-at="2022-05-11T17:33:39 IST" duration-ms="17704">
      <class name="UBS_global.Handle_multiple_tab">
        <test-method is-config="true" signature="LaunchBrowser()[pri:0, instance:UBS_global.Handle_multiple_tab@537f60bf]" started-at="2022-05-11T17:33:22 IST" name="LaunchBrowser" finished-at="2022-05-11T17:33:29 IST" duration-ms="7019" status="PASS">
          <reporter-output>
          </reporter-output>
        </test-method> <!-- LaunchBrowser -->
        <test-method is-config="true" signature="LoginToApp()[pri:0, instance:UBS_global.Handle_multiple_tab@537f60bf]" started-at="2022-05-11T17:33:29 IST" name="LoginToApp" finished-at="2022-05-11T17:33:31 IST" duration-ms="2646" status="PASS">
          <reporter-output>
          </reporter-output>
        </test-method> <!-- LoginToApp -->
        <test-method signature="test()[pri:0, instance:UBS_global.Handle_multiple_tab@537f60bf]" started-at="2022-05-11T17:33:31 IST" name="test" finished-at="2022-05-11T17:33:38 IST" duration-ms="6805" status="PASS">
          <reporter-output>
          </reporter-output>
        </test-method> <!-- test -->
        <test-method is-config="true" signature="logout()[pri:0, instance:UBS_global.Handle_multiple_tab@537f60bf]" started-at="2022-05-11T17:33:38 IST" name="logout" finished-at="2022-05-11T17:33:39 IST" duration-ms="1067" status="PASS">
          <reporter-output>
          </reporter-output>
        </test-method> <!-- logout -->
        <test-method is-config="true" signature="closeBrowser()[pri:0, instance:UBS_global.Handle_multiple_tab@537f60bf]" started-at="2022-05-11T17:33:39 IST" name="closeBrowser" finished-at="2022-05-11T17:33:39 IST" duration-ms="120" status="PASS">
          <reporter-output>
          </reporter-output>
        </test-method> <!-- closeBrowser -->
      </class> <!-- UBS_global.Handle_multiple_tab -->
    </test> <!-- Default test -->
  </suite> <!-- Default suite -->
</testng-results>
